2018-Jan-11 12:37:23 Наличие необходимых модулей php (check_php_modules): Ok
Все необходимые модули установлены
2018-Jan-11 12:37:24 Обязательные параметры PHP (check_php_settings): Ok
Настройки правильные
2018-Jan-11 12:37:24 Модули веб-сервера (check_security): Ok
Конфликтов не выявлено
2018-Jan-11 12:37:24 Значения переменных сервера (check_server_vars): Ok
Корректные
2018-Jan-11 12:37:24 Сохранение сессии (check_session): Ok
50% done
2018-Jan-11 12:37:24 Сохранение сессии (check_session): Ok
Успешно
2018-Jan-11 12:37:24 Параметры настройки UTF (mbstring и константа BX_UTF) (check_mbstring): Ok
Правильные. Сайт работает в UTF кодировке
2018-Jan-11 12:37:25 Служебные скрипты в корне сайта (check_install_scripts): Ok
Отсутствуют
2018-Jan-11 12:37:25 Работа с сокетами (check_socket): Ok
Connection to metprof-vrn.ru:80	Success

Успешно
2018-Jan-11 12:37:25 Выполнение агентов на cron (check_bx_crontab): Warning
Замечание. Агенты выполняются на хитах, рекомендуется перевести выполнение агентов на cron
2018-Jan-11 12:37:25 Параметры подключения к базе данных (check_dbconn_settings): Ok
Успешно
2018-Jan-11 12:37:25 Лишний вывод в файлах конфигурации (check_dbconn): Ok
Connection to metprof-vrn.ru:80	Success

Успешно
2018-Jan-11 12:37:26 Сохранение сессии без UserAgent (check_session_ua): Ok
50% done
Connection to metprof-vrn.ru:80	Success

2018-Jan-11 12:37:26 Сохранение сессии без UserAgent (check_session_ua): Ok
Connection to metprof-vrn.ru:80	Success

Успешно
2018-Jan-11 12:37:26 Настройки сайтов (check_sites): Ok
Правильные
2018-Jan-11 12:37:26 Передача объектов по ссылке (check_clone): Ok
Успешно
2018-Jan-11 12:37:26 Размер стека и pcre.recursion_limit (check_pcre_recursion): Ok
Connection to metprof-vrn.ru:80	Success

Успешно
2018-Jan-11 12:37:26 Загрузка файла (check_upload): Ok
Connection to metprof-vrn.ru:80	Success

Успешно
2018-Jan-11 12:37:27 Загрузка файла больше 4Мб (check_upload_big): Ok
Connection to metprof-vrn.ru:80	Success

Успешно
2018-Jan-11 12:37:27 Загрузка файла через php://input (check_upload_raw): Ok
Connection to metprof-vrn.ru:80	Success

Успешно
2018-Jan-11 12:37:27 Передача POST запроса с большим числом параметров (check_post): Ok
Connection to metprof-vrn.ru:80	Success

Успешно
2018-Jan-11 12:37:27 Отправка почты (check_mail): Ok
Успешно
2018-Jan-11 12:37:27 Отправка почтового сообщения больше 64Кб (check_mail_big): Ok
Успешно
2018-Jan-11 12:37:27 Проверка на наличие неотправленных сообщений (check_mail_b_event): Ok
Успешно
2018-Jan-11 12:37:27 Внутреннее перенаправление (функция LocalRedirect) (check_localredirect): Ok
50% done
Connection to metprof-vrn.ru:80	Success

2018-Jan-11 12:37:28 Внутреннее перенаправление (функция LocalRedirect) (check_localredirect): Ok
Connection to metprof-vrn.ru:80	Success

Успешно
2018-Jan-11 12:37:28 Фактическое ограничение памяти (check_memory_limit): Ok
20% done
Connection to metprof-vrn.ru:80	Success

2018-Jan-11 12:37:28 Фактическое ограничение памяти (check_memory_limit): Ok
40% done
Connection to metprof-vrn.ru:80	Success

2018-Jan-11 12:37:28 Фактическое ограничение памяти (check_memory_limit): Ok
60% done
Connection to metprof-vrn.ru:80	Success

2018-Jan-11 12:37:28 Фактическое ограничение памяти (check_memory_limit): Ok
80% done
Connection to metprof-vrn.ru:80	Success

2018-Jan-11 12:37:29 Фактическое ограничение памяти (check_memory_limit): Ok
Connection to metprof-vrn.ru:80	Success

Не менее 256 М
2018-Jan-11 12:37:29 Работа с файлами кеша (check_cache): Ok
Успешно
2018-Jan-11 12:37:29 Доступ к серверу обновлений (check_update): Ok
Успешно
2018-Jan-11 12:37:30 HTTP авторизация (check_http_auth): Ok
Connection to metprof-vrn.ru:80	Success

Успешно
2018-Jan-11 12:37:30 Создание и запуск файла (check_exec): Ok
Connection to metprof-vrn.ru:80	Success

Успешно
2018-Jan-11 12:37:30 Функция getimagesize для swf (check_getimagesize): Ok
Успешно
2018-Jan-11 12:37:30 Версия MySQL-сервера (check_mysql_bug_version): Ok
Успешно
2018-Jan-11 12:37:31 Время на БД и веб-сервере (check_mysql_time): Ok
Успешно
2018-Jan-11 12:37:31 Режим работы MySQL (check_mysql_mode): Ok
Успешно
2018-Jan-11 12:37:31 Кодировка соединения (check_mysql_connection_charset): Ok
character_set_connection=utf8, collation_connection=utf8_unicode_ci, character_set_results=utf8
Успешно
2018-Jan-11 12:37:31 Кодировка базы данных (check_mysql_db_charset): Ok
CHARSET=utf8, COLLATION=utf8_unicode_ci
Успешно
2018-Jan-11 12:37:34 Кодировки таблиц в БД (check_mysql_table_charset): Ok
Успешно
2018-Jan-11 12:37:34 Структура базы данных (check_mysql_table_structure): Ok
0% done
2018-Jan-11 12:37:34 Структура базы данных (check_mysql_table_structure): Ok
3% done
2018-Jan-11 12:37:34 Структура базы данных (check_mysql_table_structure): Ok
6% done
2018-Jan-11 12:37:35 Структура базы данных (check_mysql_table_structure): Ok
9% done
2018-Jan-11 12:37:36 Структура базы данных (check_mysql_table_structure): Ok
12% done
2018-Jan-11 12:37:36 Структура базы данных (check_mysql_table_structure): Ok
15% done
2018-Jan-11 12:37:36 Структура базы данных (check_mysql_table_structure): Ok
18% done
2018-Jan-11 12:37:36 Структура базы данных (check_mysql_table_structure): Ok
21% done
2018-Jan-11 12:37:36 Структура базы данных (check_mysql_table_structure): Ok
24% done
2018-Jan-11 12:37:36 Структура базы данных (check_mysql_table_structure): Ok
27% done
2018-Jan-11 12:37:37 Структура базы данных (check_mysql_table_structure): Ok
30% done
2018-Jan-11 12:37:37 Структура базы данных (check_mysql_table_structure): Ok
33% done
2018-Jan-11 12:37:38 Структура базы данных (check_mysql_table_structure): Ok
36% done
2018-Jan-11 12:37:38 Структура базы данных (check_mysql_table_structure): Ok
39% done
2018-Jan-11 12:37:38 Структура базы данных (check_mysql_table_structure): Ok
42% done
2018-Jan-11 12:37:40 Структура базы данных (check_mysql_table_structure): Ok
45% done
2018-Jan-11 12:37:41 Структура базы данных (check_mysql_table_structure): Ok
48% done
2018-Jan-11 12:37:41 Структура базы данных (check_mysql_table_structure): Ok
51% done
2018-Jan-11 12:37:41 Структура базы данных (check_mysql_table_structure): Ok
54% done
2018-Jan-11 12:37:41 Структура базы данных (check_mysql_table_structure): Ok
57% done
2018-Jan-11 12:37:42 Структура базы данных (check_mysql_table_structure): Ok
60% done
2018-Jan-11 12:37:44 Структура базы данных (check_mysql_table_structure): Ok
63% done
2018-Jan-11 12:37:44 Структура базы данных (check_mysql_table_structure): Ok
66% done
2018-Jan-11 12:37:45 Структура базы данных (check_mysql_table_structure): Ok
69% done
2018-Jan-11 12:37:45 Структура базы данных (check_mysql_table_structure): Ok
72% done
2018-Jan-11 12:37:45 Структура базы данных (check_mysql_table_structure): Ok
75% done
2018-Jan-11 12:37:46 Структура базы данных (check_mysql_table_structure): Ok
78% done
2018-Jan-11 12:37:46 Структура базы данных (check_mysql_table_structure): Ok
81% done
2018-Jan-11 12:37:46 Структура базы данных (check_mysql_table_structure): Ok
84% done
2018-Jan-11 12:37:47 Структура базы данных (check_mysql_table_structure): Ok
87% done
2018-Jan-11 12:37:47 Структура базы данных (check_mysql_table_structure): Ok
90% done
2018-Jan-11 12:37:47 Структура базы данных (check_mysql_table_structure): Ok
93% done
2018-Jan-11 12:37:47 Структура базы данных (check_mysql_table_structure): Ok
96% done
2018-Jan-11 12:37:47 Структура базы данных (check_mysql_table_structure): Ok
Успешно
